# JRE version: Java(TM) SE Runtime Environment (25.0.1+8) (build 25.0.1+8-LTS-27)
# Java VM: Java HotSpot(TM) 64-Bit Server VM (25.0.1+8-LTS-27, mixed mode, sharing, tiered, compressed oops, compressed class ptrs, g1 gc, linux-amd64)
Heap:
 garbage-first heap   total reserved 2002944K, committed 390144K, used 178948K [0x0000000085c00000, 0x0000000100000000)
  region size 1024K, 3 young (3072K), 1 survivors (1024K)
GC Heap Usage History (20 events):
Event: 25,656 {heap Before GC invocations=65 (full 0):
 garbage-first heap   total reserved 2002944K, committed 306176K, used 161997K [0x0000000085c00000, 0x0000000100000000)
  region size 1024K, 3 young (3072K), 1 survivors (1024K)
}
Event: 25,659 {heap After GC invocations=66 (full 0):
 garbage-first heap   total reserved 2002944K, committed 306176K, used 160977K [0x0000000085c00000, 0x0000000100000000)
  region size 1024K, 1 young (1024K), 1 survivors (1024K)
}
Event: 25,734 {heap Before GC invocations=67 (full 0):
 garbage-first heap   total reserved 2002944K, committed 306176K, used 163025K [0x0000000085c00000, 0x0000000100000000)
  region size 1024K, 3 young (3072K), 1 survivors (1024K)
}
Event: 25,736 {heap After GC invocations=68 (full 0):
 garbage-first heap   total reserved 2002944K, committed 306176K, used 162005K [0x0000000085c00000, 0x0000000100000000)
  region size 1024K, 1 young (1024K), 1 survivors (1024K)
}
Event: 26,307 {heap Before GC invocations=69 (full 0):
 garbage-first heap   total reserved 2002944K, committed 306176K, used 166101K [0x0000000085c00000, 0x0000000100000000)
  region size 1024K, 5 young (5120K), 1 survivors (1024K)
}
Event: 26,311 {heap After GC invocations=70 (full 0):
 garbage-first heap   total reserved 2002944K, committed 306176K, used 163037K [0x0000000085c00000, 0x0000000100000000)
  region size 1024K, 1 young (1024K), 1 survivors (1024K)
}
Event: 26,386 {heap Before GC invocations=71 (full 0):
 garbage-first heap   total reserved 2002944K, committed 306176K, used 165085K [0x0000000085c00000, 0x0000000100000000)
  region size 1024K, 3 young (3072K), 1 survivors (1024K)
}
Event: 26,388 {heap After GC invocations=72 (full 0):
 garbage-first heap   total reserved 2002944K, committed 306176K, used 164063K [0x0000000085c00000, 0x0000000100000000)
  region size 1024K, 1 young (1024K), 1 survivors (1024K)
}
Event: 26,645 {heap Before GC invocations=73 (full 0):
 garbage-first heap   total reserved 2002944K, committed 306176K, used 167135K [0x0000000085c00000, 0x0000000100000000)
  region size 1024K, 4 young (4096K), 1 survivors (1024K)
}
Event: 26,646 {heap After GC invocations=74 (full 0):
 garbage-first heap   total reserved 2002944K, committed 306176K, used 165091K [0x0000000085c00000, 0x0000000100000000)
  region size 1024K, 1 young (1024K), 1 survivors (1024K)
}
Event: 26,706 {heap Before GC invocations=75 (full 0):
 garbage-first heap   total reserved 2002944K, committed 306176K, used 167139K [0x0000000085c00000, 0x0000000100000000)
  region size 1024K, 3 young (3072K), 1 survivors (1024K)
}
Event: 26,707 {heap After GC invocations=76 (full 0):
 garbage-first heap   total reserved 2002944K, committed 306176K, used 166122K [0x0000000085c00000, 0x0000000100000000)
  region size 1024K, 1 young (1024K), 1 survivors (1024K)
}
Event: 26,880 {heap Before GC invocations=77 (full 0):
 garbage-first heap   total reserved 2002944K, committed 306176K, used 169194K [0x0000000085c00000, 0x0000000100000000)
  region size 1024K, 4 young (4096K), 1 survivors (1024K)
}
Event: 26,882 {heap After GC invocations=78 (full 0):
 garbage-first heap   total reserved 2002944K, committed 390144K, used 167154K [0x0000000085c00000, 0x0000000100000000)
  region size 1024K, 1 young (1024K), 1 survivors (1024K)
}
Event: 27,369 {heap Before GC invocations=78 (full 0):
 garbage-first heap   total reserved 2002944K, committed 390144K, used 179442K [0x0000000085c00000, 0x0000000100000000)
  region size 1024K, 7 young (7168K), 1 survivors (1024K)
}
Event: 27,371 {heap After GC invocations=79 (full 0):
 garbage-first heap   total reserved 2002944K, committed 390144K, used 174338K [0x0000000085c00000, 0x0000000100000000)
  region size 1024K, 1 young (1024K), 1 survivors (1024K)
}
Event: 27,448 {heap Before GC invocations=79 (full 0):
 garbage-first heap   total reserved 2002944K, committed 390144K, used 176386K [0x0000000085c00000, 0x0000000100000000)
  region size 1024K, 3 young (3072K), 1 survivors (1024K)
}
Event: 27,454 {heap After GC invocations=80 (full 0):
 garbage-first heap   total reserved 2002944K, committed 390144K, used 175360K [0x0000000085c00000, 0x0000000100000000)
  region size 1024K, 1 young (1024K), 1 survivors (1024K)
}
Event: 27,551 {heap Before GC invocations=81 (full 0):
 garbage-first heap   total reserved 2002944K, committed 390144K, used 178432K [0x0000000085c00000, 0x0000000100000000)
  region size 1024K, 4 young (4096K), 1 survivors (1024K)
}
Event: 27,552 {heap After GC invocations=82 (full 0):
 garbage-first heap   total reserved 2002944K, committed 390144K, used 176388K [0x0000000085c00000, 0x0000000100000000)
  region size 1024K, 1 young (1024K), 1 survivors (1024K)
}

